=====================================
 To: System 2 (USER/192.168.0.107/ADMIN-<ec924beae0efce08>)
  at Fri Sep 11 15:51:47 2015 (RSA2/Signed)(sealed)
-------------------------------------
bol loda


=====================================
 From: System 2 (USER/192.168.0.107/ADMIN-<ec924beae0efce08>)
  at Fri Sep 11 15:51:49 2015 (RSA2/Signed)(sealed)
-------------------------------------
Hello



=====================================
 From: System 2 (USER/192.168.0.107/ADMIN-<ec924beae0efce08>)
  at Fri Sep 11 15:51:57 2015 (RSA2/Signed)(sealed)
-------------------------------------
>bol loda
bas laa..


=====================================
 To: System 2 (USER/192.168.0.107/ADMIN-<ec924beae0efce08>)
  at Fri Sep 11 15:52:25 2015 (RSA2/Signed)(sealed)
-------------------------------------
>Hello
>
bonchod seriously scholar la

=====================================
 From: System 2 (USER/192.168.0.107/ADMIN-<ec924beae0efce08>)
  at Fri Sep 11 15:52:27 2015 (RSA2/Signed)(sealed)
-------------------------------------
bau hoshiyar kehvaay madarchod.. IIM thi admission ne pan reject kare che

=====================================
 From: System 2 (USER/192.168.0.107/ADMIN-<ec924beae0efce08>)
  at Fri Sep 11 15:52:57 2015 (RSA2/Signed)(sealed)
-------------------------------------
>>Hello
>>
>bonchod seriously scholar la
Saache be... pan yaar ghant kehvaay yaar... aa kai idea nathi.. ekdum jordaar. 

=====================================
 From: System 2 (USER/192.168.0.107/ADMIN-<ec924beae0efce08>)
  at Fri Sep 11 15:53:25 2015 (RSA2/Signed)(sealed)
-------------------------------------
Jo bau aj zabardast hot idea to vaat alag che..

=====================================
 To: System 2 (USER/192.168.0.107/ADMIN-<ec924beae0efce08>)
  at Fri Sep 11 15:53:48 2015 (RSA2/Signed)(sealed)
-------------------------------------
>jordaar.
hmm! keh ne ene..k aava chutiyapa kem karya


=====================================
 From: System 2 (USER/192.168.0.107/ADMIN-<ec924beae0efce08>)
  at Fri Sep 11 15:55:02 2015 (RSA2/Signed)(sealed)
-------------------------------------
Einstien said "there two things which are infinite.
1) Universe.
2) Human Stupidity.

And i'm not sure about the former."

=====================================
 To: System 2 (USER/192.168.0.107/ADMIN-<ec924beae0efce08>)
  at Fri Sep 11 15:55:16 2015 (RSA2/Signed)(sealed)
-------------------------------------
>Einstien said "there two things which are infinite.
>1) Universe.
>2) Human Stupidity.
>
>And i'm not sure about the former."
hahaha

=====================================
 From: System 2 (USER/192.168.0.107/ADMIN-<ec924beae0efce08>)
  at Fri Sep 11 17:09:14 2015 (RSA2/Signed)(sealed)
-------------------------------------
ala bau mehnat karine calendar banavyu che... have to aa vaparvuj padse... lodaoe

=====================================
 To: System 2 (USER/192.168.0.107/ADMIN-<ec924beae0efce08>)
  at Fri Sep 11 17:09:49 2015 (RSA2/Signed)(sealed)
-------------------------------------
>lodaoe
benchod! pan look ni maa chodai jai la..chodu loko 6..saru thayu iim ma na gayo bc :/


=====================================
 From: System 2 (USER/192.168.0.107/ADMIN-<ec924beae0efce08>)
  at Fri Sep 11 17:13:56 2015 (RSA2/Signed)(sealed)
-------------------------------------
>>lodaoe
>benchod! pan look ni maa chodai jai la..chodu loko 6..saru thayu iim ma na gayo bc :/

 LOL. Mein aa loko ne sauthi pehlaa kidhu tu ke tabs raakho... aa choduo e kidhu.. ke calendar joiej che.. BC.. have jaay maa chodava.

=====================================
 To: System 2 (USER/192.168.0.107/ADMIN-<ec924beae0efce08>)
  at Mon Sep 14 11:39:34 2015 (RSA2/Signed)(sealed)
-------------------------------------
bol


=====================================
 From: System 2 (USER/192.168.0.107/ADMIN-<ec924beae0efce08>)
  at Mon Sep 14 11:40:00 2015 (RSA2/Signed)(sealed)
-------------------------------------
>bol

kai nai yaar.. khaali..

=====================================
 From: System 2 (USER/192.168.0.107/ADMIN-<ec924beae0efce08>)
  at Mon Sep 14 11:42:17 2015 (RSA2/Signed)(sealed)
-------------------------------------
bhenchod.. product evi hovi joie jema maintenance naa thavu joie.

=====================================
 To: System 2 (USER/192.168.0.107/ADMIN-<ec924beae0efce08>)
  at Mon Sep 14 11:42:51 2015 (RSA2/Signed)(sealed)
-------------------------------------
>bhenchod.. product evi hovi joie jema maintenance naa thavu joie.
lol! maintenance aave la..but occhu hoy! 

=====================================
 From: System 2 (USER/192.168.0.107/ADMIN-<ec924beae0efce08>)
  at Mon Sep 14 11:43:23 2015 (RSA2/Signed)(sealed)
-------------------------------------
>>bhenchod.. product evi hovi joie jema maintenance naa thavu joie.
>lol! maintenance aave la..but occhu hoy! 
Yes.. i give maintenance and support free.. for my canteen product. 

=====================================
 From: System 2 (USER/192.168.0.107/ADMIN-<ec924beae0efce08>)
  at Tue Sep 15 12:59:23 2015 (RSA2/Signed)(sealed)
  (files) snap2.PNG, snap1.PNG
-------------------------------------


